0 info it worked if it ends with ok
1 verbose cli [ 'C:\\Program Files\\nodejs\\\\node.exe',
1 verbose cli   'C:\\Program Files\\nodejs\\node_modules\\npm\\bin\\npm-cli.js',
1 verbose cli   'install',
1 verbose cli   'libxmljs',
1 verbose cli   '--save' ]
2 info using npm@1.3.14
3 info using node@v0.10.22
4 verbose node symlink C:\Program Files\nodejs\\node.exe
5 warn package.json domer@0.0.0 No repository field.
6 verbose readDependencies using package.json deps
7 verbose cache add [ 'libxmljs', null ]
8 verbose cache add name=undefined spec="libxmljs" args=["libxmljs",null]
9 verbose parsed url { protocol: null,
9 verbose parsed url   slashes: null,
9 verbose parsed url   auth: null,
9 verbose parsed url   host: null,
9 verbose parsed url   port: null,
9 verbose parsed url   hostname: null,
9 verbose parsed url   hash: null,
9 verbose parsed url   search: null,
9 verbose parsed url   query: null,
9 verbose parsed url   pathname: 'libxmljs',
9 verbose parsed url   path: 'libxmljs',
9 verbose parsed url   href: 'libxmljs' }
10 silly lockFile 7cc0caa4-libxmljs libxmljs
11 verbose lock libxmljs C:\Users\jcabresos\AppData\Roaming\npm-cache\7cc0caa4-libxmljs.lock
12 silly lockFile 7cc0caa4-libxmljs libxmljs
13 silly lockFile 7cc0caa4-libxmljs libxmljs
14 verbose addNamed [ 'libxmljs', '' ]
15 verbose addNamed [ null, '*' ]
16 silly lockFile facb906b-libxmljs libxmljs@
17 verbose lock libxmljs@ C:\Users\jcabresos\AppData\Roaming\npm-cache\facb906b-libxmljs.lock
18 silly addNameRange { name: 'libxmljs', range: '*', hasData: false }
19 verbose url raw libxmljs
20 verbose url resolving [ 'http://registry.npmjs.org/', './libxmljs' ]
21 verbose url resolved http://registry.npmjs.org/libxmljs
22 info trying registry request attempt 1 at 16:02:01
23 verbose etag "51KEQB4VBX07U03L57RRW0FHG"
24 http GET http://registry.npmjs.org/libxmljs
25 http 304 http://registry.npmjs.org/libxmljs
26 silly registry.get cb [ 304,
26 silly registry.get   { date: 'Tue, 20 May 2014 08:02:01 GMT',
26 silly registry.get     via: '1.1 varnish',
26 silly registry.get     'last-modified': 'Tue, 20 May 2014 08:02:01 GMT',
26 silly registry.get     'cache-control': 'max-age=1',
26 silly registry.get     etag: '"51KEQB4VBX07U03L57RRW0FHG"',
26 silly registry.get     connection: 'keep-alive',
26 silly registry.get     'x-served-by': 'cache-v43-ASH',
26 silly registry.get     'x-cache': 'HIT',
26 silly registry.get     'x-cache-hits': '1',
26 silly registry.get     'x-timer': 'S1400572921.167544127,VS0,VE11',
26 silly registry.get     vary: 'Accept' } ]
27 verbose etag libxmljs from cache
28 silly addNameRange number 2 { name: 'libxmljs', range: '*', hasData: true }
29 silly addNameRange versions [ 'libxmljs',
29 silly addNameRange   [ '0.4.1',
29 silly addNameRange     '0.4.2',
29 silly addNameRange     '0.4.3',
29 silly addNameRange     '0.5.0',
29 silly addNameRange     '0.5.1',
29 silly addNameRange     '0.5.2',
29 silly addNameRange     '0.5.3',
29 silly addNameRange     '0.5.4',
29 silly addNameRange     '0.6.0',
29 silly addNameRange     '0.6.1',
29 silly addNameRange     '0.7.0',
29 silly addNameRange     '0.7.1',
29 silly addNameRange     '0.8.0',
29 silly addNameRange     '0.8.1',
29 silly addNameRange     '0.9.0' ] ]
30 verbose addNamed [ 'libxmljs', '0.9.0' ]
31 verbose addNamed [ '0.9.0', '0.9.0' ]
32 silly lockFile 82406a29-libxmljs-0-9-0 libxmljs@0.9.0
33 verbose lock libxmljs@0.9.0 C:\Users\jcabresos\AppData\Roaming\npm-cache\82406a29-libxmljs-0-9-0.lock
34 silly lockFile 82406a29-libxmljs-0-9-0 libxmljs@0.9.0
35 silly lockFile 82406a29-libxmljs-0-9-0 libxmljs@0.9.0
36 silly lockFile facb906b-libxmljs libxmljs@
37 silly lockFile facb906b-libxmljs libxmljs@
38 silly resolved [ { name: 'libxmljs',
38 silly resolved     author: { name: 'Marco Rogers - http://github.com/polotek' },
38 silly resolved     contributors: [ [Object] ],
38 silly resolved     description: 'libxml bindings for v8 javascript engine',
38 silly resolved     version: '0.9.0',
38 silly resolved     scripts:
38 silly resolved      { test: 'node --expose_gc ./node_modules/nodeunit/bin/nodeunit test',
38 silly resolved        install: 'node-gyp rebuild' },
38 silly resolved     repository: { type: 'git', url: 'http://github.com/polotek/libxmljs.git' },
38 silly resolved     bugs: { url: 'http://github.com/polotek/libxmljs/issues' },
38 silly resolved     main: './index',
38 silly resolved     engines: { node: '>=0.4.7' },
38 silly resolved     dependencies: { bindings: '1.0.0' },
38 silly resolved     devDependencies: { nodeunit: '*' },
38 silly resolved     gypfile: true,
38 silly resolved     readme: '# Libxmljs\n[![Build Status](https://secure.travis-ci.org/polotek/libxmljs.png?branch=master)](http://travis-ci.org/polotek/libxmljs)\n\nLibXML bindings for [node.js](http://nodejs.org/)\n\n```javascript\nvar libxmljs = require("libxmljs");\nvar xml =  \'<?xml version="1.0" encoding="UTF-8"?>\' +\n           \'<root>\' +\n               \'<child foo="bar">\' +\n                   \'<grandchild baz="fizbuzz">grandchild content</grandchild>\' +\n               \'</child>\' +\n               \'<sibling>with content!</sibling>\' +\n           \'</root>\';\n\nvar xmlDoc = libxmljs.parseXml(xml);\n\n// xpath queries\nvar gchild = xmlDoc.get(\'//grandchild\');\n\nconsole.log(gchild.text());  // prints "grandchild content"\n\nvar children = xmlDoc.root().childNodes();\nvar child = children[0];\n\nconsole.log(child.attr(\'foo\').value()); // prints "bar"\n```\n\n## Support\n\n* Docs - [http://github.com/polotek/libxmljs/wiki](http://github.com/polotek/libxmljs/wiki)\n* Mailing list - [http://groups.google.com/group/libxmljs](http://groups.google.com/group/libxmljs)\n\n## API and Examples\n\nCheck out the wiki [http://github.com/polotek/libxmljs/wiki](http://github.com/polotek/libxmljs/wiki).\n\nSee the [examples](https://github.com/polotek/libxmljs/tree/master/examples) folder.\n\n## Installation via [npm](https://npmjs.org)\n\n```shell\nnpm install libxmljs\n```\n\n## Contribute\n\nStart by checking out the [open issues](https://github.com/polotek/libxmljs/issues?labels=&page=1&state=open). Specifically the [desired feature](https://github.com/polotek/libxmljs/issues?labels=desired+feature&page=1&state=open) ones.\n\n### Requirements\n\nMake sure you have met the requirements for [node-gyp](https://github.com/TooTallNate/node-gyp#installation). You DO NOT need to manually install node-gyp; it comes bundled with node.\n\n',
38 silly resolved     readmeFilename: 'README.md',
38 silly resolved     homepage: 'https://github.com/polotek/libxmljs',
38 silly resolved     _id: 'libxmljs@0.9.0',
38 silly resolved     _from: 'libxmljs@' } ]
39 info install libxmljs@0.9.0 into C:\Users\jcabresos\My Projects\xdealhub\domer
40 info installOne libxmljs@0.9.0
41 info C:\Users\jcabresos\My Projects\xdealhub\domer\node_modules\libxmljs unbuild
42 verbose tar unpack C:\Users\jcabresos\AppData\Roaming\npm-cache\libxmljs\0.9.0\package.tgz
43 silly lockFile 51ad82be-lhub-domer-node-modules-libxmljs tar://C:\Users\jcabresos\My Projects\xdealhub\domer\node_modules\libxmljs
44 verbose lock tar://C:\Users\jcabresos\My Projects\xdealhub\domer\node_modules\libxmljs C:\Users\jcabresos\AppData\Roaming\npm-cache\51ad82be-lhub-domer-node-modules-libxmljs.lock
45 silly lockFile 64a5bb69-cache-libxmljs-0-9-0-package-tgz tar://C:\Users\jcabresos\AppData\Roaming\npm-cache\libxmljs\0.9.0\package.tgz
46 verbose lock tar://C:\Users\jcabresos\AppData\Roaming\npm-cache\libxmljs\0.9.0\package.tgz C:\Users\jcabresos\AppData\Roaming\npm-cache\64a5bb69-cache-libxmljs-0-9-0-package-tgz.lock
47 silly gunzTarPerm modes [ '755', '644' ]
48 silly gunzTarPerm extractEntry package.json
49 silly gunzTarPerm modified mode [ 'package.json', 438, 420 ]
50 silly gunzTarPerm extractEntry .npmignore
51 silly gunzTarPerm modified mode [ '.npmignore', 438, 420 ]
52 silly gunzTarPerm extractEntry README.md
53 silly gunzTarPerm modified mode [ 'README.md', 438, 420 ]
54 silly gunzTarPerm extractEntry LICENSE
55 silly gunzTarPerm modified mode [ 'LICENSE', 438, 420 ]
56 silly gunzTarPerm extractEntry index.js
57 silly gunzTarPerm modified mode [ 'index.js', 438, 420 ]
58 silly gunzTarPerm extractEntry docs/api/Attribute.md
59 silly gunzTarPerm modified mode [ 'docs/api/Attribute.md', 438, 420 ]
60 silly gunzTarPerm extractEntry docs/api/Element.md
61 silly gunzTarPerm modified mode [ 'docs/api/Element.md', 438, 420 ]
62 silly gunzTarPerm extractEntry docs/api/HtmlDocument.md
63 silly gunzTarPerm modified mode [ 'docs/api/HtmlDocument.md', 438, 420 ]
64 silly gunzTarPerm extractEntry docs/api/Libxmljs.md
65 silly gunzTarPerm modified mode [ 'docs/api/Libxmljs.md', 438, 420 ]
66 silly gunzTarPerm extractEntry docs/api/Namespace.md
67 silly gunzTarPerm modified mode [ 'docs/api/Namespace.md', 438, 420 ]
68 silly gunzTarPerm extractEntry docs/api/SaxParser.md
69 silly gunzTarPerm modified mode [ 'docs/api/SaxParser.md', 438, 420 ]
70 silly gunzTarPerm extractEntry docs/api/SaxPushParser.md
71 silly gunzTarPerm modified mode [ 'docs/api/SaxPushParser.md', 438, 420 ]
72 silly gunzTarPerm extractEntry docs/api/SyntaxError.md
73 silly gunzTarPerm modified mode [ 'docs/api/SyntaxError.md', 438, 420 ]
74 silly gunzTarPerm extractEntry docs/api/XmlDocument.md
75 silly gunzTarPerm modified mode [ 'docs/api/XmlDocument.md', 438, 420 ]
76 silly gunzTarPerm extractEntry docs/Home.md
77 silly gunzTarPerm modified mode [ 'docs/Home.md', 438, 420 ]
78 silly gunzTarPerm extractEntry docs/Migrating-from-0.4.x-to-0.5.0.md
79 silly gunzTarPerm modified mode [ 'docs/Migrating-from-0.4.x-to-0.5.0.md', 438, 420 ]
80 silly gunzTarPerm extractEntry docs/_Sidebar.md
81 silly gunzTarPerm modified mode [ 'docs/_Sidebar.md', 438, 420 ]
82 silly gunzTarPerm extractEntry lib/bindings.js
83 silly gunzTarPerm modified mode [ 'lib/bindings.js', 438, 420 ]
84 silly gunzTarPerm extractEntry lib/document.js
85 silly gunzTarPerm modified mode [ 'lib/document.js', 438, 420 ]
86 silly gunzTarPerm extractEntry lib/element.js
87 silly gunzTarPerm modified mode [ 'lib/element.js', 438, 420 ]
88 silly gunzTarPerm extractEntry lib/sax_parser.js
89 silly gunzTarPerm modified mode [ 'lib/sax_parser.js', 438, 420 ]
90 silly gunzTarPerm extractEntry .travis.yml
91 silly gunzTarPerm modified mode [ '.travis.yml', 438, 420 ]
92 silly gunzTarPerm extractEntry Makefile
93 silly gunzTarPerm modified mode [ 'Makefile', 438, 420 ]
94 silly gunzTarPerm extractEntry examples/cdata.js
95 silly gunzTarPerm modified mode [ 'examples/cdata.js', 438, 420 ]
96 silly gunzTarPerm extractEntry binding.gyp
97 silly gunzTarPerm modified mode [ 'binding.gyp', 438, 420 ]
98 silly gunzTarPerm extractEntry src/xml_namespace.cc
99 silly gunzTarPerm modified mode [ 'src/xml_namespace.cc', 438, 420 ]
100 silly gunzTarPerm extractEntry src/html_document.cc
101 silly gunzTarPerm modified mode [ 'src/html_document.cc', 438, 420 ]
102 silly gunzTarPerm extractEntry src/libxmljs.cc
103 silly gunzTarPerm modified mode [ 'src/libxmljs.cc', 438, 420 ]
104 silly gunzTarPerm extractEntry src/libxmljs.h
105 silly gunzTarPerm modified mode [ 'src/libxmljs.h', 438, 420 ]
106 silly gunzTarPerm extractEntry src/xml_attribute.cc
107 silly gunzTarPerm modified mode [ 'src/xml_attribute.cc', 438, 420 ]
108 silly gunzTarPerm extractEntry src/xml_attribute.h
109 silly gunzTarPerm modified mode [ 'src/xml_attribute.h', 438, 420 ]
110 silly gunzTarPerm extractEntry src/xml_document.cc
111 silly gunzTarPerm modified mode [ 'src/xml_document.cc', 438, 420 ]
112 silly gunzTarPerm extractEntry src/xml_document.h
113 silly gunzTarPerm modified mode [ 'src/xml_document.h', 438, 420 ]
114 silly gunzTarPerm extractEntry src/xml_element.cc
115 silly gunzTarPerm modified mode [ 'src/xml_element.cc', 438, 420 ]
116 silly gunzTarPerm extractEntry src/xml_element.h
117 silly gunzTarPerm modified mode [ 'src/xml_element.h', 438, 420 ]
118 silly gunzTarPerm extractEntry src/html_document.h
119 silly gunzTarPerm modified mode [ 'src/html_document.h', 438, 420 ]
120 silly gunzTarPerm extractEntry src/xml_namespace.h
121 silly gunzTarPerm modified mode [ 'src/xml_namespace.h', 438, 420 ]
122 silly gunzTarPerm extractEntry src/xml_node.cc
123 silly gunzTarPerm modified mode [ 'src/xml_node.cc', 438, 420 ]
124 silly gunzTarPerm extractEntry src/xml_node.h
125 silly gunzTarPerm modified mode [ 'src/xml_node.h', 438, 420 ]
126 silly gunzTarPerm extractEntry src/xml_sax_parser.cc
127 silly gunzTarPerm modified mode [ 'src/xml_sax_parser.cc', 438, 420 ]
128 silly gunzTarPerm extractEntry src/xml_sax_parser.h
129 silly gunzTarPerm modified mode [ 'src/xml_sax_parser.h', 438, 420 ]
130 silly gunzTarPerm extractEntry src/xml_syntax_error.cc
131 silly gunzTarPerm modified mode [ 'src/xml_syntax_error.cc', 438, 420 ]
132 silly gunzTarPerm extractEntry src/xml_syntax_error.h
133 silly gunzTarPerm modified mode [ 'src/xml_syntax_error.h', 438, 420 ]
134 silly gunzTarPerm extractEntry src/xml_xpath_context.cc
135 silly gunzTarPerm modified mode [ 'src/xml_xpath_context.cc', 438, 420 ]
136 silly gunzTarPerm extractEntry src/xml_xpath_context.h
137 silly gunzTarPerm modified mode [ 'src/xml_xpath_context.h', 438, 420 ]
138 silly gunzTarPerm extractEntry test/attribute.js
139 silly gunzTarPerm modified mode [ 'test/attribute.js', 438, 420 ]
140 silly gunzTarPerm extractEntry test/xml_parser.js
141 silly gunzTarPerm modified mode [ 'test/xml_parser.js', 438, 420 ]
142 silly gunzTarPerm extractEntry test/html_parser.js
143 silly gunzTarPerm modified mode [ 'test/html_parser.js', 438, 420 ]
144 silly gunzTarPerm extractEntry test/main.js
145 silly gunzTarPerm modified mode [ 'test/main.js', 438, 420 ]
146 silly gunzTarPerm extractEntry test/element.js
147 silly gunzTarPerm modified mode [ 'test/element.js', 438, 420 ]
148 silly gunzTarPerm extractEntry test/document.js
149 silly gunzTarPerm modified mode [ 'test/document.js', 438, 420 ]
150 silly gunzTarPerm extractEntry test/ref_integrity.js
151 silly gunzTarPerm modified mode [ 'test/ref_integrity.js', 438, 420 ]
152 silly gunzTarPerm extractEntry test/searching.js
153 silly gunzTarPerm modified mode [ 'test/searching.js', 438, 420 ]
154 silly gunzTarPerm extractEntry test/text_node.js
155 silly gunzTarPerm modified mode [ 'test/text_node.js', 438, 420 ]
156 silly gunzTarPerm extractEntry test/traversal.js
157 silly gunzTarPerm modified mode [ 'test/traversal.js', 438, 420 ]
158 silly gunzTarPerm extractEntry test/namespace.js
159 silly gunzTarPerm modified mode [ 'test/namespace.js', 438, 420 ]
160 silly gunzTarPerm extractEntry test/xml_sax_parser.js
161 silly gunzTarPerm modified mode [ 'test/xml_sax_parser.js', 438, 420 ]
162 silly gunzTarPerm extractEntry test/node_attributes.js
163 silly gunzTarPerm modified mode [ 'test/node_attributes.js', 438, 420 ]
164 silly gunzTarPerm extractEntry test/fixtures/errors/comment.xml
165 silly gunzTarPerm modified mode [ 'test/fixtures/errors/comment.xml', 438, 420 ]
166 silly gunzTarPerm extractEntry test/fixtures/parser-utf16.xml
167 silly gunzTarPerm modified mode [ 'test/fixtures/parser-utf16.xml', 438, 420 ]
168 silly gunzTarPerm extractEntry test/fixtures/parser.euc_jp.html
169 silly gunzTarPerm modified mode [ 'test/fixtures/parser.euc_jp.html', 438, 420 ]
170 silly gunzTarPerm extractEntry test/fixtures/parser.html
171 silly gunzTarPerm modified mode [ 'test/fixtures/parser.html', 438, 420 ]
172 silly gunzTarPerm extractEntry test/fixtures/parser.xml
173 silly gunzTarPerm modified mode [ 'test/fixtures/parser.xml', 438, 420 ]
174 silly gunzTarPerm extractEntry test/fixtures/sax_parser.xml
175 silly gunzTarPerm modified mode [ 'test/fixtures/sax_parser.xml', 438, 420 ]
176 silly gunzTarPerm extractEntry test/fixtures/warnings/amp.html
177 silly gunzTarPerm modified mode [ 'test/fixtures/warnings/amp.html', 438, 420 ]
178 silly gunzTarPerm extractEntry test/fixtures/warnings/ent9.xml
179 silly gunzTarPerm modified mode [ 'test/fixtures/warnings/ent9.xml', 438, 420 ]
180 silly gunzTarPerm extractEntry vendor/libxml/schematron.c
181 silly gunzTarPerm modified mode [ 'vendor/libxml/schematron.c', 438, 420 ]
182 silly gunzTarPerm extractEntry vendor/libxml/buf.c
183 silly gunzTarPerm modified mode [ 'vendor/libxml/buf.c', 438, 420 ]
184 silly gunzTarPerm extractEntry vendor/libxml/c14n.c
185 silly gunzTarPerm modified mode [ 'vendor/libxml/c14n.c', 438, 420 ]
186 silly gunzTarPerm extractEntry vendor/libxml/catalog.c
187 silly gunzTarPerm modified mode [ 'vendor/libxml/catalog.c', 438, 420 ]
188 silly gunzTarPerm extractEntry vendor/libxml/chvalid.c
189 silly gunzTarPerm modified mode [ 'vendor/libxml/chvalid.c', 438, 420 ]
190 silly gunzTarPerm extractEntry vendor/libxml/config.h
191 silly gunzTarPerm modified mode [ 'vendor/libxml/config.h', 438, 420 ]
192 silly gunzTarPerm extractEntry vendor/libxml/debugXML.c
193 silly gunzTarPerm modified mode [ 'vendor/libxml/debugXML.c', 438, 420 ]
194 silly gunzTarPerm extractEntry vendor/libxml/dict.c
195 silly gunzTarPerm modified mode [ 'vendor/libxml/dict.c', 438, 420 ]
196 silly gunzTarPerm extractEntry vendor/libxml/DOCBparser.c
197 silly gunzTarPerm modified mode [ 'vendor/libxml/DOCBparser.c', 438, 420 ]
198 silly gunzTarPerm extractEntry vendor/libxml/elfgcchack.h
199 silly gunzTarPerm modified mode [ 'vendor/libxml/elfgcchack.h', 438, 420 ]
200 silly gunzTarPerm extractEntry vendor/libxml/enc.h
201 silly gunzTarPerm modified mode [ 'vendor/libxml/enc.h', 438, 420 ]
202 silly gunzTarPerm extractEntry vendor/libxml/encoding.c
203 silly gunzTarPerm modified mode [ 'vendor/libxml/encoding.c', 438, 420 ]
204 silly gunzTarPerm extractEntry vendor/libxml/entities.c
205 silly gunzTarPerm modified mode [ 'vendor/libxml/entities.c', 438, 420 ]
206 silly gunzTarPerm extractEntry vendor/libxml/error.c
207 silly gunzTarPerm modified mode [ 'vendor/libxml/error.c', 438, 420 ]
208 silly gunzTarPerm extractEntry vendor/libxml/globals.c
209 silly gunzTarPerm modified mode [ 'vendor/libxml/globals.c', 438, 420 ]
210 silly gunzTarPerm extractEntry vendor/libxml/hash.c
211 silly gunzTarPerm modified mode [ 'vendor/libxml/hash.c', 438, 420 ]
212 silly gunzTarPerm extractEntry vendor/libxml/HTMLparser.c
213 silly gunzTarPerm modified mode [ 'vendor/libxml/HTMLparser.c', 438, 420 ]
214 silly gunzTarPerm extractEntry vendor/libxml/HTMLtree.c
215 silly gunzTarPerm modified mode [ 'vendor/libxml/HTMLtree.c', 438, 420 ]
216 silly gunzTarPerm extractEntry vendor/libxml/include/libxml/schematron.h
217 silly gunzTarPerm modified mode [ 'vendor/libxml/include/libxml/schematron.h', 438, 420 ]
218 silly gunzTarPerm extractEntry vendor/libxml/include/libxml/c14n.h
219 silly gunzTarPerm modified mode [ 'vendor/libxml/include/libxml/c14n.h', 438, 420 ]
220 silly gunzTarPerm extractEntry vendor/libxml/include/libxml/chvalid.h
221 silly gunzTarPerm modified mode [ 'vendor/libxml/include/libxml/chvalid.h', 438, 420 ]
222 silly gunzTarPerm extractEntry vendor/libxml/include/libxml/debugXML.h
223 silly gunzTarPerm modified mode [ 'vendor/libxml/include/libxml/debugXML.h', 438, 420 ]
224 silly gunzTarPerm extractEntry vendor/libxml/include/libxml/dict.h
225 silly gunzTarPerm modified mode [ 'vendor/libxml/include/libxml/dict.h', 438, 420 ]
226 silly gunzTarPerm extractEntry vendor/libxml/include/libxml/DOCBparser.h
227 silly gunzTarPerm modified mode [ 'vendor/libxml/include/libxml/DOCBparser.h', 438, 420 ]
228 silly gunzTarPerm extractEntry vendor/libxml/include/libxml/encoding.h
229 silly gunzTarPerm modified mode [ 'vendor/libxml/include/libxml/encoding.h', 438, 420 ]
230 silly gunzTarPerm extractEntry vendor/libxml/include/libxml/entities.h
231 silly gunzTarPerm modified mode [ 'vendor/libxml/include/libxml/entities.h', 438, 420 ]
232 silly gunzTarPerm extractEntry vendor/libxml/include/libxml/globals.h
233 silly gunzTarPerm modified mode [ 'vendor/libxml/include/libxml/globals.h', 438, 420 ]
234 silly gunzTarPerm extractEntry vendor/libxml/include/libxml/hash.h
235 silly gunzTarPerm modified mode [ 'vendor/libxml/include/libxml/hash.h', 438, 420 ]
236 silly gunzTarPerm extractEntry vendor/libxml/include/libxml/HTMLparser.h
237 silly gunzTarPerm modified mode [ 'vendor/libxml/include/libxml/HTMLparser.h', 438, 420 ]
238 silly gunzTarPerm extractEntry vendor/libxml/include/libxml/HTMLtree.h
239 silly gunzTarPerm modified mode [ 'vendor/libxml/include/libxml/HTMLtree.h', 438, 420 ]
240 silly gunzTarPerm extractEntry vendor/libxml/include/libxml/list.h
241 silly gunzTarPerm modified mode [ 'vendor/libxml/include/libxml/list.h', 438, 420 ]
242 silly gunzTarPerm extractEntry vendor/libxml/include/libxml/Makefile
243 silly gunzTarPerm modified mode [ 'vendor/libxml/include/libxml/Makefile', 438, 420 ]
244 silly gunzTarPerm extractEntry vendor/libxml/include/libxml/Makefile.am
245 silly gunzTarPerm modified mode [ 'vendor/libxml/include/libxml/Makefile.am', 438, 420 ]
246 silly gunzTarPerm extractEntry vendor/libxml/include/libxml/Makefile.in
247 silly gunzTarPerm modified mode [ 'vendor/libxml/include/libxml/Makefile.in', 438, 420 ]
248 silly gunzTarPerm extractEntry vendor/libxml/include/libxml/nanoftp.h
249 silly gunzTarPerm modified mode [ 'vendor/libxml/include/libxml/nanoftp.h', 438, 420 ]
250 silly gunzTarPerm extractEntry vendor/libxml/include/libxml/nanohttp.h
251 silly gunzTarPerm modified mode [ 'vendor/libxml/include/libxml/nanohttp.h', 438, 420 ]
252 silly gunzTarPerm extractEntry vendor/libxml/include/libxml/parser.h
253 silly gunzTarPerm modified mode [ 'vendor/libxml/include/libxml/parser.h', 438, 420 ]
254 silly gunzTarPerm extractEntry vendor/libxml/include/libxml/parserInternals.h
255 silly gunzTarPerm modified mode [ 'vendor/libxml/include/libxml/parserInternals.h', 438, 420 ]
256 silly gunzTarPerm extractEntry vendor/libxml/include/libxml/pattern.h
257 silly gunzTarPerm modified mode [ 'vendor/libxml/include/libxml/pattern.h', 438, 420 ]
258 silly gunzTarPerm extractEntry vendor/libxml/include/libxml/relaxng.h
259 silly gunzTarPerm modified mode [ 'vendor/libxml/include/libxml/relaxng.h', 438, 420 ]
260 silly gunzTarPerm extractEntry vendor/libxml/include/libxml/SAX.h
261 silly gunzTarPerm modified mode [ 'vendor/libxml/include/libxml/SAX.h', 438, 420 ]
262 silly gunzTarPerm extractEntry vendor/libxml/include/libxml/SAX2.h
263 silly gunzTarPerm modified mode [ 'vendor/libxml/include/libxml/SAX2.h', 438, 420 ]
264 silly gunzTarPerm extractEntry vendor/libxml/include/libxml/schemasInternals.h
265 silly gunzTarPerm modified mode [ 'vendor/libxml/include/libxml/schemasInternals.h', 438, 420 ]
266 silly gunzTarPerm extractEntry vendor/libxml/include/libxml/catalog.h
267 silly gunzTarPerm modified mode [ 'vendor/libxml/include/libxml/catalog.h', 438, 420 ]
268 silly gunzTarPerm extractEntry vendor/libxml/include/libxml/threads.h
269 silly gunzTarPerm modified mode [ 'vendor/libxml/include/libxml/threads.h', 438, 420 ]
270 silly gunzTarPerm extractEntry vendor/libxml/include/libxml/tree.h
271 silly gunzTarPerm modified mode [ 'vendor/libxml/include/libxml/tree.h', 438, 420 ]
272 silly gunzTarPerm extractEntry vendor/libxml/include/libxml/uri.h
273 silly gunzTarPerm modified mode [ 'vendor/libxml/include/libxml/uri.h', 438, 420 ]
274 silly gunzTarPerm extractEntry vendor/libxml/include/libxml/valid.h
275 silly gunzTarPerm modified mode [ 'vendor/libxml/include/libxml/valid.h', 438, 420 ]
276 silly gunzTarPerm extractEntry vendor/libxml/include/libxml/xinclude.h
277 silly gunzTarPerm modified mode [ 'vendor/libxml/include/libxml/xinclude.h', 438, 420 ]
278 silly gunzTarPerm extractEntry vendor/libxml/include/libxml/xlink.h
279 silly gunzTarPerm modified mode [ 'vendor/libxml/include/libxml/xlink.h', 438, 420 ]
280 silly gunzTarPerm extractEntry vendor/libxml/include/libxml/xmlautomata.h
281 silly gunzTarPerm modified mode [ 'vendor/libxml/include/libxml/xmlautomata.h', 438, 420 ]
282 silly gunzTarPerm extractEntry vendor/libxml/include/libxml/xmlerror.h
283 silly gunzTarPerm modified mode [ 'vendor/libxml/include/libxml/xmlerror.h', 438, 420 ]
284 silly gunzTarPerm extractEntry vendor/libxml/include/libxml/xmlexports.h
285 silly gunzTarPerm modified mode [ 'vendor/libxml/include/libxml/xmlexports.h', 438, 420 ]
286 silly gunzTarPerm extractEntry vendor/libxml/include/libxml/xmlIO.h
287 silly gunzTarPerm modified mode [ 'vendor/libxml/include/libxml/xmlIO.h', 438, 420 ]
288 silly gunzTarPerm extractEntry vendor/libxml/include/libxml/xmlmemory.h
289 silly gunzTarPerm modified mode [ 'vendor/libxml/include/libxml/xmlmemory.h', 438, 420 ]
290 silly gunzTarPerm extractEntry vendor/libxml/include/libxml/xmlmodule.h
291 silly gunzTarPerm modified mode [ 'vendor/libxml/include/libxml/xmlmodule.h', 438, 420 ]
292 silly gunzTarPerm extractEntry vendor/libxml/include/libxml/xmlreader.h
293 silly gunzTarPerm modified mode [ 'vendor/libxml/include/libxml/xmlreader.h', 438, 420 ]
294 silly gunzTarPerm extractEntry vendor/libxml/include/libxml/xmlregexp.h
295 silly gunzTarPerm modified mode [ 'vendor/libxml/include/libxml/xmlregexp.h', 438, 420 ]
296 silly gunzTarPerm extractEntry vendor/libxml/include/libxml/xmlsave.h
297 silly gunzTarPerm modified mode [ 'vendor/libxml/include/libxml/xmlsave.h', 438, 420 ]
298 silly gunzTarPerm extractEntry vendor/libxml/include/libxml/xmlschemas.h
299 silly gunzTarPerm modified mode [ 'vendor/libxml/include/libxml/xmlschemas.h', 438, 420 ]
300 silly gunzTarPerm extractEntry vendor/libxml/include/libxml/xmlschemastypes.h
301 silly gunzTarPerm modified mode [ 'vendor/libxml/include/libxml/xmlschemastypes.h', 438, 420 ]
302 silly gunzTarPerm extractEntry vendor/libxml/include/libxml/xmlstring.h
303 silly gunzTarPerm modified mode [ 'vendor/libxml/include/libxml/xmlstring.h', 438, 420 ]
304 silly gunzTarPerm extractEntry vendor/libxml/include/libxml/xmlunicode.h
305 silly gunzTarPerm modified mode [ 'vendor/libxml/include/libxml/xmlunicode.h', 438, 420 ]
306 silly gunzTarPerm extractEntry vendor/libxml/include/libxml/xmlversion.h
307 silly gunzTarPerm modified mode [ 'vendor/libxml/include/libxml/xmlversion.h', 438, 420 ]
308 silly gunzTarPerm extractEntry vendor/libxml/include/libxml/xmlwriter.h
309 silly gunzTarPerm modified mode [ 'vendor/libxml/include/libxml/xmlwriter.h', 438, 420 ]
310 silly gunzTarPerm extractEntry vendor/libxml/include/libxml/xpath.h
311 silly gunzTarPerm modified mode [ 'vendor/libxml/include/libxml/xpath.h', 438, 420 ]
312 silly gunzTarPerm extractEntry vendor/libxml/include/libxml/xpathInternals.h
313 silly gunzTarPerm modified mode [ 'vendor/libxml/include/libxml/xpathInternals.h', 438, 420 ]
314 silly gunzTarPerm extractEntry vendor/libxml/include/libxml/xpointer.h
315 silly gunzTarPerm modified mode [ 'vendor/libxml/include/libxml/xpointer.h', 438, 420 ]
316 silly gunzTarPerm extractEntry vendor/libxml/include/win32config.h
317 silly gunzTarPerm modified mode [ 'vendor/libxml/include/win32config.h', 438, 420 ]
318 silly gunzTarPerm extractEntry vendor/libxml/include/wsockcompat.h
319 silly gunzTarPerm modified mode [ 'vendor/libxml/include/wsockcompat.h', 438, 420 ]
320 silly gunzTarPerm extractEntry vendor/libxml/legacy.c
321 silly gunzTarPerm modified mode [ 'vendor/libxml/legacy.c', 438, 420 ]
322 silly gunzTarPerm extractEntry vendor/libxml/libxml.gyp
323 silly gunzTarPerm modified mode [ 'vendor/libxml/libxml.gyp', 438, 420 ]
324 silly gunzTarPerm extractEntry vendor/libxml/libxml.h
325 silly gunzTarPerm modified mode [ 'vendor/libxml/libxml.h', 438, 420 ]
326 silly gunzTarPerm extractEntry vendor/libxml/list.c
327 silly gunzTarPerm modified mode [ 'vendor/libxml/list.c', 438, 420 ]
328 silly gunzTarPerm extractEntry vendor/libxml/nanoftp.c
329 silly gunzTarPerm modified mode [ 'vendor/libxml/nanoftp.c', 438, 420 ]
330 silly gunzTarPerm extractEntry vendor/libxml/nanohttp.c
331 silly gunzTarPerm modified mode [ 'vendor/libxml/nanohttp.c', 438, 420 ]
332 silly gunzTarPerm extractEntry vendor/libxml/parser.c
333 silly gunzTarPerm modified mode [ 'vendor/libxml/parser.c', 438, 420 ]
334 silly gunzTarPerm extractEntry vendor/libxml/parserInternals.c
335 silly gunzTarPerm modified mode [ 'vendor/libxml/parserInternals.c', 438, 420 ]
336 silly gunzTarPerm extractEntry vendor/libxml/pattern.c
337 silly gunzTarPerm modified mode [ 'vendor/libxml/pattern.c', 438, 420 ]
338 silly gunzTarPerm extractEntry vendor/libxml/relaxng.c
339 silly gunzTarPerm modified mode [ 'vendor/libxml/relaxng.c', 438, 420 ]
340 silly gunzTarPerm extractEntry vendor/libxml/runsuite.c
341 silly gunzTarPerm modified mode [ 'vendor/libxml/runsuite.c', 438, 420 ]
342 silly gunzTarPerm extractEntry vendor/libxml/save.h
343 silly gunzTarPerm modified mode [ 'vendor/libxml/save.h', 438, 420 ]
344 silly gunzTarPerm extractEntry vendor/libxml/SAX.c
345 silly gunzTarPerm modified mode [ 'vendor/libxml/SAX.c', 438, 420 ]
346 silly gunzTarPerm extractEntry vendor/libxml/SAX2.c
347 silly gunzTarPerm modified mode [ 'vendor/libxml/SAX2.c', 438, 420 ]
348 silly gunzTarPerm extractEntry vendor/libxml/buf.h
349 silly gunzTarPerm modified mode [ 'vendor/libxml/buf.h', 438, 420 ]
350 silly gunzTarPerm extractEntry vendor/libxml/threads.c
351 silly gunzTarPerm modified mode [ 'vendor/libxml/threads.c', 438, 420 ]
352 silly gunzTarPerm extractEntry vendor/libxml/timsort.h
353 silly gunzTarPerm modified mode [ 'vendor/libxml/timsort.h', 438, 420 ]
354 silly gunzTarPerm extractEntry vendor/libxml/tree.c
355 silly gunzTarPerm modified mode [ 'vendor/libxml/tree.c', 438, 420 ]
356 silly gunzTarPerm extractEntry vendor/libxml/trio.c
357 silly gunzTarPerm modified mode [ 'vendor/libxml/trio.c', 438, 420 ]
358 silly gunzTarPerm extractEntry vendor/libxml/trio.h
359 silly gunzTarPerm modified mode [ 'vendor/libxml/trio.h', 438, 420 ]
360 silly gunzTarPerm extractEntry vendor/libxml/triodef.h
361 silly gunzTarPerm modified mode [ 'vendor/libxml/triodef.h', 438, 420 ]
362 silly gunzTarPerm extractEntry vendor/libxml/trionan.c
363 silly gunzTarPerm modified mode [ 'vendor/libxml/trionan.c', 438, 420 ]
364 silly gunzTarPerm extractEntry vendor/libxml/trionan.h
365 silly gunzTarPerm modified mode [ 'vendor/libxml/trionan.h', 438, 420 ]
366 silly gunzTarPerm extractEntry vendor/libxml/triop.h
367 silly gunzTarPerm modified mode [ 'vendor/libxml/triop.h', 438, 420 ]
368 silly gunzTarPerm extractEntry vendor/libxml/triostr.c
369 silly gunzTarPerm modified mode [ 'vendor/libxml/triostr.c', 438, 420 ]
370 silly gunzTarPerm extractEntry vendor/libxml/triostr.h
371 silly gunzTarPerm modified mode [ 'vendor/libxml/triostr.h', 438, 420 ]
372 silly gunzTarPerm extractEntry vendor/libxml/uri.c
373 silly gunzTarPerm modified mode [ 'vendor/libxml/uri.c', 438, 420 ]
374 silly gunzTarPerm extractEntry vendor/libxml/valid.c
375 silly gunzTarPerm modified mode [ 'vendor/libxml/valid.c', 438, 420 ]
376 silly gunzTarPerm extractEntry vendor/libxml/xinclude.c
377 silly gunzTarPerm modified mode [ 'vendor/libxml/xinclude.c', 438, 420 ]
378 silly gunzTarPerm extractEntry vendor/libxml/xlink.c
379 silly gunzTarPerm modified mode [ 'vendor/libxml/xlink.c', 438, 420 ]
380 silly gunzTarPerm extractEntry vendor/libxml/xmlcatalog.c
381 silly gunzTarPerm modified mode [ 'vendor/libxml/xmlcatalog.c', 438, 420 ]
382 silly gunzTarPerm extractEntry vendor/libxml/xmlIO.c
383 silly gunzTarPerm modified mode [ 'vendor/libxml/xmlIO.c', 438, 420 ]
384 silly gunzTarPerm extractEntry vendor/libxml/xmllint.c
385 silly gunzTarPerm modified mode [ 'vendor/libxml/xmllint.c', 438, 420 ]
386 silly gunzTarPerm extractEntry vendor/libxml/xmlmemory.c
387 silly gunzTarPerm modified mode [ 'vendor/libxml/xmlmemory.c', 438, 420 ]
388 silly gunzTarPerm extractEntry vendor/libxml/xmlmodule.c
389 silly gunzTarPerm modified mode [ 'vendor/libxml/xmlmodule.c', 438, 420 ]
390 silly gunzTarPerm extractEntry vendor/libxml/xmlreader.c
391 silly gunzTarPerm modified mode [ 'vendor/libxml/xmlreader.c', 438, 420 ]
392 silly gunzTarPerm extractEntry vendor/libxml/xmlregexp.c
393 silly gunzTarPerm modified mode [ 'vendor/libxml/xmlregexp.c', 438, 420 ]
394 silly gunzTarPerm extractEntry vendor/libxml/xmlsave.c
395 silly gunzTarPerm modified mode [ 'vendor/libxml/xmlsave.c', 438, 420 ]
396 silly gunzTarPerm extractEntry vendor/libxml/xmlschemas.c
397 silly gunzTarPerm modified mode [ 'vendor/libxml/xmlschemas.c', 438, 420 ]
398 silly gunzTarPerm extractEntry vendor/libxml/xmlschemastypes.c
399 silly gunzTarPerm modified mode [ 'vendor/libxml/xmlschemastypes.c', 438, 420 ]
400 silly gunzTarPerm extractEntry vendor/libxml/xmlstring.c
401 silly gunzTarPerm modified mode [ 'vendor/libxml/xmlstring.c', 438, 420 ]
402 silly gunzTarPerm extractEntry vendor/libxml/xmlunicode.c
403 silly gunzTarPerm modified mode [ 'vendor/libxml/xmlunicode.c', 438, 420 ]
404 silly gunzTarPerm extractEntry vendor/libxml/xmlwriter.c
405 silly gunzTarPerm modified mode [ 'vendor/libxml/xmlwriter.c', 438, 420 ]
406 silly gunzTarPerm extractEntry vendor/libxml/xpath.c
407 silly gunzTarPerm modified mode [ 'vendor/libxml/xpath.c', 438, 420 ]
408 silly gunzTarPerm extractEntry vendor/libxml/xpointer.c
409 silly gunzTarPerm modified mode [ 'vendor/libxml/xpointer.c', 438, 420 ]
410 silly gunzTarPerm extractEntry vendor/libxml/xzlib.c
411 silly gunzTarPerm modified mode [ 'vendor/libxml/xzlib.c', 438, 420 ]
412 silly gunzTarPerm extractEntry vendor/libxml/xzlib.h
413 silly gunzTarPerm modified mode [ 'vendor/libxml/xzlib.h', 438, 420 ]
414 silly gunzTarPerm extractEntry wscript
415 silly gunzTarPerm modified mode [ 'wscript', 438, 420 ]
416 silly lockFile 51ad82be-lhub-domer-node-modules-libxmljs tar://C:\Users\jcabresos\My Projects\xdealhub\domer\node_modules\libxmljs
417 silly lockFile 51ad82be-lhub-domer-node-modules-libxmljs tar://C:\Users\jcabresos\My Projects\xdealhub\domer\node_modules\libxmljs
418 silly lockFile 64a5bb69-cache-libxmljs-0-9-0-package-tgz tar://C:\Users\jcabresos\AppData\Roaming\npm-cache\libxmljs\0.9.0\package.tgz
419 silly lockFile 64a5bb69-cache-libxmljs-0-9-0-package-tgz tar://C:\Users\jcabresos\AppData\Roaming\npm-cache\libxmljs\0.9.0\package.tgz
420 info preinstall libxmljs@0.9.0
421 verbose readDependencies using package.json deps
422 verbose readDependencies using package.json deps
423 verbose cache add [ 'bindings@1.0.0', null ]
424 verbose cache add name=undefined spec="bindings@1.0.0" args=["bindings@1.0.0",null]
425 verbose parsed url { protocol: null,
425 verbose parsed url   slashes: null,
425 verbose parsed url   auth: null,
425 verbose parsed url   host: null,
425 verbose parsed url   port: null,
425 verbose parsed url   hostname: null,
425 verbose parsed url   hash: null,
425 verbose parsed url   search: null,
425 verbose parsed url   query: null,
425 verbose parsed url   pathname: 'bindings@1.0.0',
425 verbose parsed url   path: 'bindings@1.0.0',
425 verbose parsed url   href: 'bindings@1.0.0' }
426 verbose cache add name="bindings" spec="1.0.0" args=["bindings","1.0.0"]
427 verbose parsed url { protocol: null,
427 verbose parsed url   slashes: null,
427 verbose parsed url   auth: null,
427 verbose parsed url   host: null,
427 verbose parsed url   port: null,
427 verbose parsed url   hostname: null,
427 verbose parsed url   hash: null,
427 verbose parsed url   search: null,
427 verbose parsed url   query: null,
427 verbose parsed url   pathname: '1.0.0',
427 verbose parsed url   path: '1.0.0',
427 verbose parsed url   href: '1.0.0' }
428 verbose addNamed [ 'bindings', '1.0.0' ]
429 verbose addNamed [ '1.0.0', '1.0.0' ]
430 silly lockFile f01e5454-bindings-1-0-0 bindings@1.0.0
431 verbose lock bindings@1.0.0 C:\Users\jcabresos\AppData\Roaming\npm-cache\f01e5454-bindings-1-0-0.lock
432 verbose url raw bindings/1.0.0
433 verbose url resolving [ 'http://registry.npmjs.org/', './bindings/1.0.0' ]
434 verbose url resolved http://registry.npmjs.org/bindings/1.0.0
435 info trying registry request attempt 1 at 16:02:03
436 verbose etag "EF0U3ERBDZ107WR2K8OB2X3WQ"
437 http GET http://registry.npmjs.org/bindings/1.0.0
438 http 304 http://registry.npmjs.org/bindings/1.0.0
439 silly registry.get cb [ 304,
439 silly registry.get   { date: 'Tue, 20 May 2014 08:02:02 GMT',
439 silly registry.get     via: '1.1 varnish',
439 silly registry.get     'last-modified': 'Tue, 20 May 2014 08:02:02 GMT',
439 silly registry.get     'cache-control': 'max-age=1',
439 silly registry.get     etag: '"EF0U3ERBDZ107WR2K8OB2X3WQ"',
439 silly registry.get     connection: 'keep-alive',
439 silly registry.get     'x-served-by': 'cache-v37-ASH',
439 silly registry.get     'x-cache': 'HIT',
439 silly registry.get     'x-cache-hits': '1',
439 silly registry.get     'x-timer': 'S1400572922.712538719,VS0,VE6',
439 silly registry.get     vary: 'Accept' } ]
440 verbose etag bindings/1.0.0 from cache
441 silly lockFile f01e5454-bindings-1-0-0 bindings@1.0.0
442 silly lockFile f01e5454-bindings-1-0-0 bindings@1.0.0
443 silly resolved [ { name: 'bindings',
443 silly resolved     description: 'Helper module for loading your native module\'s .node file',
443 silly resolved     keywords: [ 'native', 'addon', 'bindings', 'gyp', 'waf', 'c', 'c++' ],
443 silly resolved     version: '1.0.0',
443 silly resolved     author:
443 silly resolved      { name: 'Nathan Rajlich',
443 silly resolved        email: 'nathan@tootallnate.net',
443 silly resolved        url: 'http://tootallnate.net' },
443 silly resolved     repository:
443 silly resolved      { type: 'git',
443 silly resolved        url: 'git://github.com/TooTallNate/node-bindings.git' },
443 silly resolved     main: './bindings.js',
443 silly resolved     readme: 'node-bindings\n=============\n### Helper module for loading your native module\'s .node file\n\nThis is a helper module for authors of Node.js native addon modules.\nIt is basically the "swiss army knife" of `require()`ing your native module\'s\n`.node` file.\n\nThroughout the course of Node\'s native addon history, addons have ended up being\ncompiled in a variety of different places, depending on which build tool and which\nversion of node was used. To make matters worse, now the _gyp_ build tool can\nproduce either a _Release_ or _Debug_ build, each being built into different\nlocations.\n\nThis module checks _all_ the possible locations that a native addon would be built\nat, and returns the first one that loads successfully.\n\n\nInstallation\n------------\n\nInstall with `npm`:\n\n``` bash\n$ npm install bindings\n```\n\nOr add it to the `"dependencies"` section of your _package.json_ file.\n\n\nExample\n-------\n\n`require()`ing the proper bindings file for the current node version, platform\nand architecture is as simple as:\n\n``` js\nvar bindings = require(\'bindings\')(\'binding.node\')\n\n// Use your bindings defined in your C files\nbindings.your_c_function()\n```\n\n\nNice Error Output\n-----------------\n\nWhen the `.node` file could not be loaded, `node-bindings` throws an Error with\na nice error message telling you exactly what was tried. You can also check the\n`err.tries` Array property.\n\n```\nError: Could not load the bindings file. Tried:\n → /Users/nrajlich/ref/build/binding.node\n → /Users/nrajlich/ref/build/Debug/binding.node\n → /Users/nrajlich/ref/build/Release/binding.node\n → /Users/nrajlich/ref/out/Debug/binding.node\n → /Users/nrajlich/ref/Debug/binding.node\n → /Users/nrajlich/ref/out/Release/binding.node\n → /Users/nrajlich/ref/Release/binding.node\n → /Users/nrajlich/ref/build/default/binding.node\n → /Users/nrajlich/ref/compiled/0.8.2/darwin/x64/binding.node\n    at bindings (/Users/nrajlich/ref/node_modules/bindings/bindings.js:84:13)\n    at Object.<anonymous> (/Users/nrajlich/ref/lib/ref.js:5:47)\n    at Module._compile (module.js:449:26)\n    at Object.Module._extensions..js (module.js:467:10)\n    at Module.load (module.js:356:32)\n    at Function.Module._load (module.js:312:12)\n    ...\n```\n\n\nLicense\n-------\n\n(The MIT License)\n\nCopyright (c) 2012 Nathan Rajlich &lt;nathan@tootallnate.net&gt;\n\nPermission is hereby granted, free of charge, to any person obtaining\na copy of this software and associated documentation files (the\n\'Software\'), to deal in the Software without restriction, including\nwithout limitation the rights to use, copy, modify, merge, publish,\ndistribute, sublicense, and/or sell copies of the Software, and to\npermit persons to whom the Software is furnished to do so, subject to\nthe following conditions:\n\nThe above copyright notice and this permission notice shall be\nincluded in all copies or substantial portions of the Software.\n\nTHE SOFTWARE IS PROVIDED \'AS IS\', WITHOUT WARRANTY OF ANY KIND,\nEXPRESS OR IMPLIED, INCLUDING BUT NOT LIMITED TO THE WARRANTIES OF\nMERCHANTABILITY, FITNESS FOR A PARTICULAR PURPOSE AND NONINFRINGEMENT.\nIN NO EVENT SHALL THE AUTHORS OR COPYRIGHT HOLDERS BE LIABLE FOR ANY\nCLAIM, DAMAGES OR OTHER LIABILITY, WHETHER IN AN ACTION OF CONTRACT,\nTORT OR OTHERWISE, ARISING FROM, OUT OF OR IN CONNECTION WITH THE\nSOFTWARE OR THE USE OR OTHER DEALINGS IN THE SOFTWARE.\n',
443 silly resolved     readmeFilename: 'README.md',
443 silly resolved     bugs: { url: 'https://github.com/TooTallNate/node-bindings/issues' },
443 silly resolved     homepage: 'https://github.com/TooTallNate/node-bindings',
443 silly resolved     _id: 'bindings@1.0.0',
443 silly resolved     _from: 'bindings@1.0.0' } ]
444 info install bindings@1.0.0 into C:\Users\jcabresos\My Projects\xdealhub\domer\node_modules\libxmljs
445 info installOne bindings@1.0.0
446 info C:\Users\jcabresos\My Projects\xdealhub\domer\node_modules\libxmljs\node_modules\bindings unbuild
447 verbose tar unpack C:\Users\jcabresos\AppData\Roaming\npm-cache\bindings\1.0.0\package.tgz
448 silly lockFile 5e31b222-s-libxmljs-node-modules-bindings tar://C:\Users\jcabresos\My Projects\xdealhub\domer\node_modules\libxmljs\node_modules\bindings
449 verbose lock tar://C:\Users\jcabresos\My Projects\xdealhub\domer\node_modules\libxmljs\node_modules\bindings C:\Users\jcabresos\AppData\Roaming\npm-cache\5e31b222-s-libxmljs-node-modules-bindings.lock
450 silly lockFile a265f711-cache-bindings-1-0-0-package-tgz tar://C:\Users\jcabresos\AppData\Roaming\npm-cache\bindings\1.0.0\package.tgz
451 verbose lock tar://C:\Users\jcabresos\AppData\Roaming\npm-cache\bindings\1.0.0\package.tgz C:\Users\jcabresos\AppData\Roaming\npm-cache\a265f711-cache-bindings-1-0-0-package-tgz.lock
452 silly gunzTarPerm modes [ '755', '644' ]
453 silly gunzTarPerm extractEntry package.json
454 silly gunzTarPerm modified mode [ 'package.json', 438, 420 ]
455 silly gunzTarPerm extractEntry README.md
456 silly gunzTarPerm modified mode [ 'README.md', 438, 420 ]
457 silly gunzTarPerm extractEntry bindings.js
458 silly gunzTarPerm modified mode [ 'bindings.js', 438, 420 ]
459 silly lockFile 5e31b222-s-libxmljs-node-modules-bindings tar://C:\Users\jcabresos\My Projects\xdealhub\domer\node_modules\libxmljs\node_modules\bindings
460 silly lockFile 5e31b222-s-libxmljs-node-modules-bindings tar://C:\Users\jcabresos\My Projects\xdealhub\domer\node_modules\libxmljs\node_modules\bindings
461 silly lockFile a265f711-cache-bindings-1-0-0-package-tgz tar://C:\Users\jcabresos\AppData\Roaming\npm-cache\bindings\1.0.0\package.tgz
462 silly lockFile a265f711-cache-bindings-1-0-0-package-tgz tar://C:\Users\jcabresos\AppData\Roaming\npm-cache\bindings\1.0.0\package.tgz
463 info preinstall bindings@1.0.0
464 verbose readDependencies using package.json deps
465 verbose readDependencies using package.json deps
466 silly resolved []
467 verbose about to build C:\Users\jcabresos\My Projects\xdealhub\domer\node_modules\libxmljs\node_modules\bindings
468 info build C:\Users\jcabresos\My Projects\xdealhub\domer\node_modules\libxmljs\node_modules\bindings
469 verbose linkStuff [ false,
469 verbose linkStuff   false,
469 verbose linkStuff   false,
469 verbose linkStuff   'C:\\Users\\jcabresos\\My Projects\\xdealhub\\domer\\node_modules\\libxmljs\\node_modules' ]
470 info linkStuff bindings@1.0.0
471 verbose linkBins bindings@1.0.0
472 verbose linkMans bindings@1.0.0
473 verbose rebuildBundles bindings@1.0.0
474 info install bindings@1.0.0
475 info postinstall bindings@1.0.0
476 verbose about to build C:\Users\jcabresos\My Projects\xdealhub\domer\node_modules\libxmljs
477 info build C:\Users\jcabresos\My Projects\xdealhub\domer\node_modules\libxmljs
478 verbose linkStuff [ false,
478 verbose linkStuff   false,
478 verbose linkStuff   false,
478 verbose linkStuff   'C:\\Users\\jcabresos\\My Projects\\xdealhub\\domer\\node_modules' ]
479 info linkStuff libxmljs@0.9.0
480 verbose linkBins libxmljs@0.9.0
481 verbose linkMans libxmljs@0.9.0
482 verbose rebuildBundles libxmljs@0.9.0
483 verbose rebuildBundles [ 'bindings' ]
484 info install libxmljs@0.9.0
485 verbose unsafe-perm in lifecycle true
486 info libxmljs@0.9.0 Failed to exec install script
487 info C:\Users\jcabresos\My Projects\xdealhub\domer\node_modules\libxmljs unbuild
488 info preuninstall libxmljs@0.9.0
489 info uninstall libxmljs@0.9.0
490 verbose true,C:\Users\jcabresos\My Projects\xdealhub\domer\node_modules,C:\Users\jcabresos\My Projects\xdealhub\domer\node_modules unbuild libxmljs@0.9.0
491 info postuninstall libxmljs@0.9.0
492 error libxmljs@0.9.0 install: `node-gyp rebuild`
492 error Exit status 1
493 error Failed at the libxmljs@0.9.0 install script.
493 error This is most likely a problem with the libxmljs package,
493 error not with npm itself.
493 error Tell the author that this fails on your system:
493 error     node-gyp rebuild
493 error You can get their info via:
493 error     npm owner ls libxmljs
493 error There is likely additional logging output above.
494 error System Windows_NT 6.2.9200
495 error command "C:\\Program Files\\nodejs\\\\node.exe" "C:\\Program Files\\nodejs\\node_modules\\npm\\bin\\npm-cli.js" "install" "libxmljs" "--save"
496 error cwd C:\Users\jcabresos\My Projects\xdealhub\domer
497 error node -v v0.10.22
498 error npm -v 1.3.14
499 error code ELIFECYCLE
500 verbose exit [ 1, true ]
